2025-06-02 07:18:00 | DEBUG | repo=auction | action=edit | files=4
2025-01-24 10:55:00 | DEBUG | repo=auction | action=test | passed=true
2025-06-18 19:38:00 | INFO | repo=auction | action=commit
2025-01-05 15:33:00 | WARN | repo=auction | action=pull
2025-08-20 09:46:00 | DEBUG | repo=auction | action=commit
2025-07-24 19:32:00 | INFO | repo=auction | action=test | passed=true
2025-04-01 13:44:00 | INFO | repo=auction | action=commit
2025-04-08 20:34:00 | INFO | repo=auction | action=test | passed=true
2025-11-13 14:03:00 | DEBUG | repo=auction | action=test | passed=true
2025-05-10 16:06:00 | WARN | repo=auction | action=commit
2025-12-14 19:35:00 | DEBUG | repo=auction | action=pull
2025-07-12 21:26:00 | WARN | repo=auction | action=commit
2025-08-06 18:02:00 | INFO | repo=auction | action=test | passed=true
2025-02-22 19:25:00 | INFO | repo=auction | action=commit
2025-11-12 16:34:00 | WARN | repo=auction | action=commit
2025-08-15 10:04:00 | DEBUG | repo=auction | action=commit
2025-11-27 13:54:00 | DEBUG | repo=auction | action=edit | files=1
2025-12-05 21:52:00 | INFO | repo=auction | action=commit
2025-06-21 19:46:00 | DEBUG | repo=auction | action=edit | files=5
2025-08-07 10:30:00 | INFO | repo=auction | action=commit
2025-06-18 21:45:00 | WARN | repo=auction | action=commit
2025-06-22 13:39:00 | DEBUG | repo=auction | action=commit
2025-08-18 19:54:00 | DEBUG | repo=auction | action=commit
2025-10-03 09:20:00 | INFO | repo=auction | action=edit | files=3
2025-08-25 21:26:00 | INFO | repo=auction | action=pull
2025-12-17 08:25:00 | DEBUG | repo=auction | action=commit
2025-07-27 07:42:00 | WARN | repo=auction | action=test | passed=true
2025-12-02 09:50:00 | INFO | repo=auction | action=commit
2025-03-20 07:35:00 | DEBUG | repo=auction | action=commit
2025-01-09 19:32:00 | WARN | repo=auction | action=commit
2025-07-15 11:04:00 | DEBUG | repo=auction | action=commit
2025-09-26 07:36:00 | DEBUG | repo=auction | action=commit
2025-03-08 11:51:00 | INFO | repo=auction | action=test | passed=true
2025-10-14 07:04:00 | INFO | repo=auction | action=commit
2025-03-06 14:31:00 | INFO | repo=auction | action=commit
2025-12-03 14:39:00 | INFO | repo=auction | action=commit
2025-09-02 13:55:00 | WARN | repo=auction | action=test | passed=true
2025-08-08 08:58:00 | INFO | repo=auction | action=commit
2025-06-24 16:34:00 | WARN | repo=auction | action=commit
2025-04-12 08:26:00 | WARN | repo=auction | action=commit
2025-11-20 14:02:00 | DEBUG | repo=auction | action=commit
2025-06-18 12:10:00 | DEBUG | repo=auction | action=commit
2025-11-10 15:02:00 | INFO | repo=auction | action=commit
2025-09-14 17:59:00 | WARN | repo=auction | action=edit | files=3
2025-12-22 10:15:00 | INFO | repo=auction | action=commit
2025-04-06 07:22:00 | DEBUG | repo=auction | action=commit
2025-12-10 18:43:00 | WARN | repo=auction | action=commit
2025-03-28 17:37:00 | DEBUG | repo=auction | action=pull
2025-04-14 08:41:00 | WARN | repo=auction | action=commit
2025-06-19 17:45:00 | INFO | repo=auction | action=pull
2025-10-28 20:21:00 | DEBUG | repo=auction | action=test | passed=true
2025-11-12 17:28:00 | DEBUG | repo=auction | action=commit
2025-11-22 11:57:00 | INFO | repo=auction | action=commit
2025-10-06 19:48:00 | INFO | repo=auction | action=edit | files=4
2025-02-26 09:28:00 | INFO | repo=auction | action=commit
2025-02-25 20:24:00 | INFO | repo=auction | action=commit
2025-11-18 13:39:00 | WARN | repo=auction | action=commit
